# JRE version: Java(TM) SE Runtime Environment (8.0_144-b01) (build 1.8.0_144-b01)
# Java VM: Java HotSpot(TM) Client VM (25.144-b01 mixed mode windows-x86 )
Heap:
 def new generation   total 39424K, used 11068K [0x07000000, 0x09ac0000, 0x11aa0000)
  eden space 35072K,  23% used [0x07000000, 0x07819d60, 0x09240000)
  from space 4352K,  63% used [0x09240000, 0x094f52d8, 0x09680000)
  to   space 4352K,   0% used [0x09680000, 0x09680000, 0x09ac0000)
 tenured generation   total 87424K, used 33672K [0x11aa0000, 0x17000000, 0x27000000)
   the space 87424K,  38% used [0x11aa0000, 0x13b82130, 0x13b82200, 0x17000000)
 Metaspace       used 18973K, capacity 19447K, committed 19584K, reserved 19840K
GC Heap History (10 events):
Event: 1.895 GC heap before
{Heap before GC invocations=2 (full 0):
 def new generation   total 39296K, used 16244K [0x07000000, 0x09aa0000, 0x11aa0000)
  eden space 34944K,  34% used [0x07000000, 0x07b9d0b8, 0x09220000)
  from space 4352K, 100% used [0x09220000, 0x09660000, 0x09660000)
  to   space 4352K,   0% used [0x09660000, 0x09660000, 0x09aa0000)
 tenured generation   total 87424K, used 11916K [0x11aa0000, 0x17000000, 0x27000000)
   the space 87424K,  13% used [0x11aa0000, 0x12643198, 0x12643200, 0x17000000)
 Metaspace       used 11953K, capacity 12258K, committed 12288K, reserved 12672K
Event: 1.935 GC heap after
Heap after GC invocations=3 (full 1):
 def new generation   total 39424K, used 0K [0x07000000, 0x09ac0000, 0x11aa0000)
  eden space 35072K,   0% used [0x07000000, 0x07000000, 0x09240000)
  from space 4352K,   0% used [0x09240000, 0x09240000, 0x09680000)
  to   space 4352K,   0% used [0x09680000, 0x09680000, 0x09ac0000)
 tenured generation   total 87424K, used 17161K [0x11aa0000, 0x17000000, 0x27000000)
   the space 87424K,  19% used [0x11aa0000, 0x12b62680, 0x12b62800, 0x17000000)
 Metaspace       used 11953K, capacity 12258K, committed 12288K, reserved 12672K
}
Event: 2.850 GC heap before
{Heap before GC invocations=3 (full 1):
 def new generation   total 39424K, used 35072K [0x07000000, 0x09ac0000, 0x11aa0000)
  eden space 35072K, 100% used [0x07000000, 0x09240000, 0x09240000)
  from space 4352K,   0% used [0x09240000, 0x09240000, 0x09680000)
  to   space 4352K,   0% used [0x09680000, 0x09680000, 0x09ac0000)
 tenured generation   total 87424K, used 17161K [0x11aa0000, 0x17000000, 0x27000000)
   the space 87424K,  19% used [0x11aa0000, 0x12b62680, 0x12b62800, 0x17000000)
 Metaspace       used 16868K, capacity 17291K, committed 17408K, reserved 17792K
Event: 2.861 GC heap after
Heap after GC invocations=4 (full 1):
 def new generation   total 39424K, used 4352K [0x07000000, 0x09ac0000, 0x11aa0000)
  eden space 35072K,   0% used [0x07000000, 0x07000000, 0x09240000)
  from space 4352K, 100% used [0x09680000, 0x09ac0000, 0x09ac0000)
  to   space 4352K,   0% used [0x09240000, 0x09240000, 0x09680000)
 tenured generation   total 87424K, used 18966K [0x11aa0000, 0x17000000, 0x27000000)
   the space 87424K,  21% used [0x11aa0000, 0x12d25be0, 0x12d25c00, 0x17000000)
 Metaspace       used 16868K, capacity 17291K, committed 17408K, reserved 17792K
}
Event: 63.580 GC heap before
{Heap before GC invocations=4 (full 1):
 def new generation   total 39424K, used 39424K [0x07000000, 0x09ac0000, 0x11aa0000)
  eden space 35072K, 100% used [0x07000000, 0x09240000, 0x09240000)
  from space 4352K, 100% used [0x09680000, 0x09ac0000, 0x09ac0000)
  to   space 4352K,   0% used [0x09240000, 0x09240000, 0x09680000)
 tenured generation   total 87424K, used 18966K [0x11aa0000, 0x17000000, 0x27000000)
   the space 87424K,  21% used [0x11aa0000, 0x12d25be0, 0x12d25c00, 0x17000000)
 Metaspace       used 18537K, capacity 18996K, committed 19072K, reserved 19840K
Event: 63.599 GC heap after
Heap after GC invocations=5 (full 1):
 def new generation   total 39424K, used 3997K [0x07000000, 0x09ac0000, 0x11aa0000)
  eden space 35072K,   0% used [0x07000000, 0x07000000, 0x09240000)
  from space 4352K,  91% used [0x09240000, 0x096276e8, 0x09680000)
  to   space 4352K,   0% used [0x09680000, 0x09680000, 0x09ac0000)
 tenured generation   total 87424K, used 21855K [0x11aa0000, 0x17000000, 0x27000000)
   the space 87424K,  24% used [0x11aa0000, 0x12ff7d30, 0x12ff7e00, 0x17000000)
 Metaspace       used 18537K, capacity 18996K, committed 19072K, reserved 19840K
}
Event: 131.287 GC heap before
{Heap before GC invocations=5 (full 1):
 def new generation   total 39424K, used 37180K [0x07000000, 0x09ac0000, 0x11aa0000)
  eden space 35072K,  94% used [0x07000000, 0x09067a28, 0x09240000)
  from space 4352K,  91% used [0x09240000, 0x096276e8, 0x09680000)
  to   space 4352K,   0% used [0x09680000, 0x09680000, 0x09ac0000)
 tenured generation   total 87424K, used 21855K [0x11aa0000, 0x17000000, 0x27000000)
   the space 87424K,  24% used [0x11aa0000, 0x12ff7d30, 0x12ff7e00, 0x17000000)
 Metaspace       used 18620K, capacity 19095K, committed 19200K, reserved 19840K
Event: 131.301 GC heap after
Heap after GC invocations=6 (full 1):
 def new generation   total 39424K, used 2183K [0x07000000, 0x09ac0000, 0x11aa0000)
  eden space 35072K,   0% used [0x07000000, 0x07000000, 0x09240000)
  from space 4352K,  50% used [0x09680000, 0x098a1ce8, 0x09ac0000)
  to   space 4352K,   0% used [0x09240000, 0x09240000, 0x09680000)
 tenured generation   total 87424K, used 24224K [0x11aa0000, 0x17000000, 0x27000000)
   the space 87424K,  27% used [0x11aa0000, 0x13248008, 0x13248200, 0x17000000)
 Metaspace       used 18620K, capacity 19095K, committed 19200K, reserved 19840K
}
Event: 275.604 GC heap before
{Heap before GC invocations=6 (full 1):
 def new generation   total 39424K, used 35221K [0x07000000, 0x09ac0000, 0x11aa0000)
  eden space 35072K,  94% used [0x07000000, 0x09043750, 0x09240000)
  from space 4352K,  50% used [0x09680000, 0x098a1ce8, 0x09ac0000)
  to   space 4352K,   0% used [0x09240000, 0x09240000, 0x09680000)
 tenured generation   total 87424K, used 24224K [0x11aa0000, 0x17000000, 0x27000000)
   the space 87424K,  27% used [0x11aa0000, 0x13248008, 0x13248200, 0x17000000)
 Metaspace       used 18973K, capacity 19447K, committed 19584K, reserved 19840K
Event: 275.622 GC heap after
Heap after GC invocations=7 (full 1):
 def new generation   total 39424K, used 2772K [0x07000000, 0x09ac0000, 0x11aa0000)
  eden space 35072K,   0% used [0x07000000, 0x07000000, 0x09240000)
  from space 4352K,  63% used [0x09240000, 0x094f52d8, 0x09680000)
  to   space 4352K,   0% used [0x09680000, 0x09680000, 0x09ac0000)
 tenured generation   total 87424K, used 33672K [0x11aa0000, 0x17000000, 0x27000000)
   the space 87424K,  38% used [0x11aa0000, 0x13b82130, 0x13b82200, 0x17000000)
 Metaspace       used 18973K, capacity 19447K, committed 19584K, reserved 19840K
}

